<?xml version="1.0" encoding="UTF-8"?>
<testsuite xmlns:xsi="http://www.w3.org/2001/XMLSchema-instance" xsi:noNamespaceSchemaLocation="https://maven.apache.org/surefire/maven-surefire-plugin/xsd/surefire-test-report.xsd" name="inventory.repository.InventoryRepositoryTest" time="0.237" tests="16" errors="1" skipped="0" failures="0">
  <properties>
[...]
</properties>
  <testcase name="addPart_ValidMinimum_BVA" classname="inventory.repository.InventoryRepositoryTest" time="0.069"/>
  <testcase name="addPart_ValidMaximum_BVA" classname="inventory.repository.InventoryRepositoryTest" time="0.014"/>
  <testcase name="addPart_InvalidStock_ECP" classname="inventory.repository.InventoryRepositoryTest" time="0.003"/>
  <testcase name="addPart_InvalidMinimum1_ECP" classname="inventory.repository.InventoryRepositoryTest" time="0.002"/>
  <testcase name="addPart_InvalidMinimum2_ECP" classname="inventory.repository.InventoryRepositoryTest" time="0.002"/>
  <testcase name="addPart_InvalidMinimum_BVA" classname="inventory.repository.InventoryRepositoryTest" time="0.002"/>
  <testcase name="addPart_InvalidPrice_ECP[1]" classname="inventory.repository.InventoryRepositoryTest" time="0.005"/>
  <testcase name="addPart_InvalidPrice_ECP[2]" classname="inventory.repository.InventoryRepositoryTest" time="0.003"/>
  <testcase name="addPart_InvalidPrice_ECP[3]" classname="inventory.repository.InventoryRepositoryTest" time="0.003"/>
  <testcase name="addPart_InvalidPrice_ECP[4]" classname="inventory.repository.InventoryRepositoryTest" time="0.003"/>
  <testcase name="addPart_InvalidPrice_ECP[5]" classname="inventory.repository.InventoryRepositoryTest" time="0.003"/>
  <testcase name="addPart_InvalidMaximum_BVA" classname="inventory.repository.InventoryRepositoryTest" time="0.005"/>
  <testcase name="addPart_InvalidMaximum_ECP{String}" classname="inventory.repository.InventoryRepositoryTest" time="0.02">
    <error message="No ParameterResolver registered for parameter [java.lang.String arg0] in method [void inventory.repository.InventoryRepositoryTest.addPart_InvalidMaximum_ECP(java.lang.String)]." type="org.junit.jupiter.api.extension.ParameterResolutionException">org.junit.jupiter.api.extension.ParameterResolutionException: No ParameterResolver registered for parameter [java.lang.String arg0] in method [void inventory.repository.InventoryRepositoryTest.addPart_InvalidMaximum_ECP(java.lang.String)].
</error>
    <system-out><![CDATA[Repository initialized successfully
]]></system-out>
  </testcase>
  <testcase name="addPart_InvalidMaximum_ECP{String}[1]" classname="inventory.repository.InventoryRepositoryTest" time="0.028"/>
  <testcase name="addPart_InvalidMaximum_ECP{String}[2]" classname="inventory.repository.InventoryRepositoryTest" time="0.002"/>
  <testcase name="addPart_InvalidMaximum_ECP{String}[3]" classname="inventory.repository.InventoryRepositoryTest" time="0.003"/>
</testsuite>